Build started 2013/5/27 上午 02:43:37.
     1>Project "D:\course\DSA\HW\hw5\DSA_hw5\DSA_hw5\DSA_hw5.vcxproj" on node 2 (Build target(s)).
     1>ClCompile:
         D:\application\VS\VS2012\VC\bin\CL.exe /c /ZI /nologo /W3 /WX- /sdl /Od /Oy- /D WIN32 /D _DEBUG /D _CONSOLE /D _UNICODE /D UNICODE /Gm /EHsc /RTC1 /MDd /GS /fp:precise /Zc:wchar_t /Zc:forScope /Fo"Debug\\" /Fd"Debug\vc110.pdb" /Gd /TP /analyze- /errorReport:prompt main.cpp
         main.cpp
     1>d:\course\dsa\hw\hw5\dsa_hw5\dsa_hw5\main.cpp(30): warning C4244: 'return' : conversion from '__int64' to 'int', possible loss of data
     1>d:\course\dsa\hw\hw5\dsa_hw5\dsa_hw5\main.cpp(34): warning C4244: 'return' : conversion from '__int64' to 'int', possible loss of data
     1>d:\course\dsa\hw\hw5\dsa_hw5\dsa_hw5\main.cpp(42): warning C4244: 'return' : conversion from '__int64' to 'int', possible loss of data
     1>d:\course\dsa\hw\hw5\dsa_hw5\dsa_hw5\main.cpp(46): warning C4244: 'return' : conversion from '__int64' to 'int', possible loss of data
     1>d:\course\dsa\hw\hw5\dsa_hw5\dsa_hw5\main.cpp(59): warning C4244: 'return' : conversion from '__int64' to 'int', possible loss of data
     1>d:\course\dsa\hw\hw5\dsa_hw5\dsa_hw5\main.cpp(98): warning C4244: 'argument' : conversion from '__int64' to 'size_t', possible loss of data
     1>d:\course\dsa\hw\hw5\dsa_hw5\dsa_hw5\main.cpp(99): warning C4244: 'argument' : conversion from '__int64' to 'size_t', possible loss of data
     1>d:\course\dsa\hw\hw5\dsa_hw5\dsa_hw5\main.cpp(137): warning C4244: '=' : conversion from '__int64' to 'int', possible loss of data
     1>d:\course\dsa\hw\hw5\dsa_hw5\dsa_hw5\main.cpp(152): warning C4244: 'argument' : conversion from '__int64' to 'size_t', possible loss of data
       Link:
         D:\application\VS\VS2012\VC\bin\link.exe /ERRORREPORT:PROMPT /OUT:"D:\course\DSA\HW\hw5\DSA_hw5\Debug\DSA_hw5.exe" /INCREMENTAL /NOLOGO kernel32.lib user32.lib gdi32.lib winspool.lib comdlg32.lib advapi32.lib shell32.lib ole32.lib oleaut32.lib uuid.lib odbc32.lib odbccp32.lib /MANIFEST /MANIFESTUAC:"level='asInvoker' uiAccess='false'" /manifest:embed /DEBUG /PDB:"D:\course\DSA\HW\hw5\DSA_hw5\Debug\DSA_hw5.pdb" /SUBSYSTEM:CONSOLE /TLBID:1 /DYNAMICBASE /NXCOMPAT /IMPLIB:"D:\course\DSA\HW\hw5\DSA_hw5\Debug\DSA_hw5.lib" /MACHINE:X86 Debug\main.obj
         DSA_hw5.vcxproj -> D:\course\DSA\HW\hw5\DSA_hw5\Debug\DSA_hw5.exe
     1>Done Building Project "D:\course\DSA\HW\hw5\DSA_hw5\DSA_hw5\DSA_hw5.vcxproj" (Build target(s)).

Build succeeded.

Time Elapsed 00:00:00.40
